#
# A fatal error has been detected by the Java Runtime Environment:
#
#  EXCEPTION_ACCESS_VIOLATION (0xc0000005) at pc=0x00000000656cb7b0, pid=27852, tid=0x000000000000a83c
#
# JRE version: OpenJDK Runtime Environment (8.0_242-b01) (build 1.8.0_242-release-1644-b01)
# Java VM: OpenJDK 64-Bit Server VM (25.242-b01 mixed mode windows-amd64 compressed oops)
# Problematic frame:
# V  [jvm.dll+0x8b7b0]
#
# Failed to write core dump. Minidumps are not enabled by default on client versions of Windows
#
# If you would like to submit a bug report, please visit:
#   
#

---------------  T H R E A D  ---------------

Current thread (0x00000000027b3800):  GCTaskThread [stack: 0x0000000012910000,0x0000000012a10000] [id=43068]

siginfo: ExceptionCode=0xc0000005, reading address 0x000000003900e850

Registers:
RAX=0x0000000000000000, RBX=0x00000000f75fdbd9, RCX=0x00000000f75fdbd9, RDX=0x000000003900e848
RSP=0x0000000012a0f828, RBP=0x0000000011c76a01, RSI=0x00000000178f4b00, RDI=0x0000000084d3c8c8
R8 =0x00000000178f4b00, R9 =0x0000000000000016, R10=0x0000000000000008, R11=0x00000000fb644148
R12=0x0000000011c769d5, R13=0x0500000000000000, R14=0x0000000000000000, R15=0x000000000279e520
RIP=0x00000000656cb7b0, EFLAGS=0x0000000000010206

Top of Stack: (sp=0x0000000012a0f828)
0x0000000012a0f828:   0000000065a127b2 00000000f65fd0c8
0x0000000012a0f838:   0000000000000006 00000000178f4b00
0x0000000012a0f848:   00000000fbd886c0 00000000fb63c158
0x0000000012a0f858:   0000000000001000 00000000178f4b00
0x0000000012a0f868:   000000006572e3a3 0000000000000000
0x0000000012a0f878:   00000000178f4b00 0000000011c769d5
0x0000000012a0f888:   0000000065a12b20 00000000fb63d930
0x0000000012a0f898:   0000000011c76a01 00000000178f4b00
0x0000000012a0f8a8:   0000000084d3c8c8 00000000fb63d930
0x0000000012a0f8b8:   0000000065a136c5 00000000f6990d58
0x0000000012a0f8c8:   0000000011c74e01 00000000178f4b00
0x0000000012a0f8d8:   0000000000000004 00000000178f4b00
0x0000000012a0f8e8:   000000006570785a 0000000082ab8c54
0x0000000012a0f8f8:   000000006572fcc7 00000000178f4b00
0x0000000012a0f908:   000000006572e3a3 0000000084d3c65d
0x0000000012a0f918:   0000000084d3c65d 0000000084d34728 

Instructions: (pc=0x00000000656cb7b0)
0x00000000656cb790:   1c 8f 1d 00 48 8b 9c 24 c0 00 00 00 48 81 c4 b0
0x00000000656cb7a0:   00 00 00 5d c3 cc cc cc cc cc cc cc cc cc cc cc
0x00000000656cb7b0:   44 8b 42 08 4c 8b ca 45 85 c0 7e 0e 41 f6 c0 01
0x00000000656cb7c0:   75 57 41 c1 f8 03 41 8b c0 c3 79 4d 80 3d 7e 97 


Register to memory mapping:

RAX=0x0000000000000000 is an unknown value
RBX=0x00000000f75fdbd9 is an unknown value
RCX=0x00000000f75fdbd9 is an unknown value
RDX=0x000000003900e848 is an unknown value
RSP=0x0000000012a0f828 is an unknown value
RBP=0x0000000011c76a01 is an unknown value
RSI=0x00000000178f4b00 is an unknown value
RDI=0x0000000084d3c8c8 is an oop
com.google.common.collect.RegularImmutableSet 
 - klass: 'com/google/common/collect/RegularImmutableSet'
R8 =0x00000000178f4b00 is an unknown value
R9 =0x0000000000000016 is an unknown value
R10=0x0000000000000008 is an unknown value
R11=0x00000000fb644148 is an oop

[error occurred during error reporting (printing register info), id 0xc0000005]

Stack: [0x0000000012910000,0x0000000012a10000],  sp=0x0000000012a0f828,  free space=1022k
Native frames: (J=compiled Java code, j=interpreted, Vv=VM code, C=native code)
V  [jvm.dll+0x8b7b0]


---------------  P R O C E S S  ---------------

Java Threads: ( => current thread )
  0x000000001afd9000 JavaThread "Cache worker for execution history cache (C:\Users\aparn\LifeFirst_App\.gradle\6.5\executionHistory)" [_thread_blocked, id=40436, stack(0x000000003a0a0000,0x000000003a1a0000)]
  0x000000001afd3800 JavaThread "Execution worker for ':' Thread 7" [_thread_blocked, id=42232, stack(0x0000000039fa0000,0x000000003a0a0000)]
  0x000000001afd7800 JavaThread "Execution worker for ':' Thread 6" [_thread_blocked, id=26908, stack(0x0000000039ea0000,0x0000000039fa0000)]
  0x000000001afd6800 JavaThread "Execution worker for ':' Thread 5" [_thread_blocked, id=37080, stack(0x0000000039da0000,0x0000000039ea0000)]
  0x000000001afda800 JavaThread "Execution worker for ':' Thread 4" [_thread_blocked, id=20856, stack(0x0000000039ca0000,0x0000000039da0000)]
  0x000000001afd3000 JavaThread "Execution worker for ':' Thread 3" [_thread_blocked, id=15276, stack(0x0000000039ba0000,0x0000000039ca0000)]
  0x000000001afd5000 JavaThread "Execution worker for ':' Thread 2" [_thread_blocked, id=27268, stack(0x0000000039aa0000,0x0000000039ba0000)]
  0x000000001afd8000 JavaThread "Execution worker for ':'" [_thread_blocked, id=29492, stack(0x0000000038960000,0x0000000038a60000)]
  0x0000000028d59000 JavaThread "Cache worker for file content cache (C:\Users\aparn\LifeFirst_App\.gradle\6.5\fileContent)" [_thread_blocked, id=5292, stack(0x0000000038860000,0x0000000038960000)]
  0x0000000028d59800 JavaThread "pool-29-thread-1" [_thread_blocked, id=7172, stack(0x0000000038560000,0x0000000038660000)]
  0x0000000028d58000 JavaThread "Cache worker for Build Output Cleanup Cache (C:\Users\aparn\LifeFirst_App\.gradle\buildOutputCleanup)" [_thread_blocked, id=24280, stack(0x0000000038260000,0x0000000038360000)]
  0x0000000028d57800 JavaThread "jar transforms Thread 828" [_thread_blocked, id=33680, stack(0x0000000038160000,0x0000000038260000)]
  0x0000000028d56800 JavaThread "jar transforms Thread 827" [_thread_blocked, id=42664, stack(0x0000000038060000,0x0000000038160000)]
  0x0000000028d56000 JavaThread "jar transforms Thread 826" [_thread_blocked, id=13960, stack(0x0000000037f60000,0x0000000038060000)]
  0x0000000028d55000 JavaThread "jar transforms Thread 825" [_thread_blocked, id=5308, stack(0x0000000037e60000,0x0000000037f60000)]
  0x0000000028d4d800 JavaThread "jar transforms Thread 824" [_thread_blocked, id=22736, stack(0x0000000037d60000,0x0000000037e60000)]
  0x0000000028d54800 JavaThread "jar transforms Thread 823" [_thread_blocked, id=37692, stack(0x0000000037c60000,0x0000000037d60000)]
  0x0000000028d53800 JavaThread "jar transforms Thread 822" [_thread_blocked, id=36080, stack(0x0000000037b60000,0x0000000037c60000)]
  0x0000000028d4c000 JavaThread "jar transforms Thread 821" [_thread_blocked, id=36508, stack(0x0000000037a60000,0x0000000037b60000)]
  0x0000000028d4c800 JavaThread "jar transforms Thread 820" [_thread_blocked, id=3156, stack(0x0000000037960000,0x0000000037a60000)]
  0x0000000028d50000 JavaThread "jar transforms Thread 819" [_thread_blocked, id=13660, stack(0x0000000037860000,0x0000000037960000)]
  0x0000000028d4b000 JavaThread "jar transforms Thread 818" [_thread_blocked, id=29964, stack(0x0000000037760000,0x0000000037860000)]
  0x0000000028d4a800 JavaThread "jar transforms Thread 817" [_thread_blocked, id=13876, stack(0x0000000037660000,0x0000000037760000)]
  0x0000000028d4f000 JavaThread "jar transforms Thread 816" [_thread_blocked, id=7604, stack(0x0000000037560000,0x0000000037660000)]
  0x0000000028d51800 JavaThread "jar transforms Thread 815" [_thread_blocked, id=28208, stack(0x0000000037460000,0x0000000037560000)]
  0x0000000028d4e800 JavaThread "jar transforms Thread 814" [_thread_blocked, id=11132, stack(0x0000000037360000,0x0000000037460000)]
  0x0000000024cb3800 JavaThread "jar transforms Thread 813" [_thread_blocked, id=44112, stack(0x0000000037260000,0x0000000037360000)]
  0x0000000024cb1000 JavaThread "jar transforms Thread 812" [_thread_blocked, id=26064, stack(0x0000000037160000,0x0000000037260000)]
  0x0000000024cb1800 JavaThread "jar transforms Thread 811" [_thread_blocked, id=25592, stack(0x0000000037060000,0x0000000037160000)]
  0x0000000024cb4000 JavaThread "jar transforms Thread 810" [_thread_blocked, id=37560, stack(0x0000000036f60000,0x0000000037060000)]
  0x0000000024cb2800 JavaThread "jar transforms Thread 809" [_thread_blocked, id=31096, stack(0x0000000036e60000,0x0000000036f60000)]
  0x0000000024ca9800 JavaThread "jar transforms Thread 808" [_thread_blocked, id=34600, stack(0x0000000036d60000,0x0000000036e60000)]
  0x0000000024cb0000 JavaThread "jar transforms Thread 807" [_thread_blocked, id=40752, stack(0x0000000036c60000,0x0000000036d60000)]
  0x0000000024caf800 JavaThread "jar transforms Thread 806" [_thread_blocked, id=40760, stack(0x0000000036b60000,0x0000000036c60000)]
  0x0000000024cae800 JavaThread "jar transforms Thread 805" [_thread_blocked, id=30024, stack(0x0000000036a60000,0x0000000036b60000)]
  0x0000000024cae000 JavaThread "jar transforms Thread 804" [_thread_blocked, id=42604, stack(0x0000000036960000,0x0000000036a60000)]
  0x0000000024cad000 JavaThread "jar transforms Thread 803" [_thread_blocked, id=12300, stack(0x0000000036860000,0x0000000036960000)]
  0x0000000024ca8800 JavaThread "jar transforms Thread 802" [_thread_blocked, id=33924, stack(0x0000000036760000,0x0000000036860000)]
  0x0000000024ca5800 JavaThread "jar transforms Thread 801" [_thread_blocked, id=41564, stack(0x0000000036660000,0x0000000036760000)]
  0x0000000024ca8000 JavaThread "jar transforms Thread 800" [_thread_blocked, id=35444, stack(0x0000000036560000,0x0000000036660000)]
  0x0000000024ca6800 JavaThread "jar transforms Thread 799" [_thread_blocked, id=21884, stack(0x0000000036460000,0x0000000036560000)]
  0x0000000024cac800 JavaThread "jar transforms Thread 798" [_thread_blocked, id=18012, stack(0x0000000036360000,0x0000000036460000)]
  0x0000000024ca5000 JavaThread "jar transforms Thread 797" [_thread_blocked, id=16724, stack(0x0000000036260000,0x0000000036360000)]
  0x0000000024cab000 JavaThread "jar transforms Thread 796" [_thread_blocked, id=29772, stack(0x0000000036160000,0x0000000036260000)]
  0x000000002c52b000 JavaThread "jar transforms Thread 795" [_thread_blocked, id=33964, stack(0x0000000036060000,0x0000000036160000)]
  0x000000002c52f800 JavaThread "jar transforms Thread 794" [_thread_blocked, id=25528, stack(0x0000000035f60000,0x0000000036060000)]
  0x000000002c52f000 JavaThread "jar transforms Thread 793" [_thread_blocked, id=15492, stack(0x0000000035e60000,0x0000000035f60000)]
  0x000000002c52a800 JavaThread "jar transforms Thread 792" [_thread_blocked, id=37344, stack(0x0000000035d60000,0x0000000035e60000)]
  0x000000002c52c000 JavaThread "jar transforms Thread 791" [_thread_blocked, id=9008, stack(0x0000000035c60000,0x0000000035d60000)]
  0x000000002c52e000 JavaThread "jar transforms Thread 790" [_thread_blocked, id=31840, stack(0x0000000035b60000,0x0000000035c60000)]
  0x000000002c52d800 JavaThread "jar transforms Thread 789" [_thread_blocked, id=8516, stack(0x0000000035a60000,0x0000000035b60000)]
  0x000000002c52c800 JavaThread "jar transforms Thread 788" [_thread_blocked, id=44236, stack(0x0000000035960000,0x0000000035a60000)]
  0x000000002c523000 JavaThread "jar transforms Thread 787" [_thread_blocked, id=15400, stack(0x0000000035860000,0x0000000035960000)]
  0x000000002c529800 JavaThread "jar transforms Thread 786" [_thread_blocked, id=30976, stack(0x0000000035760000,0x0000000035860000)]
  0x000000002c529000 JavaThread "jar transforms Thread 785" [_thread_blocked, id=7308, stack(0x0000000035660000,0x0000000035760000)]
  0x000000002c528000 JavaThread "jar transforms Thread 784" [_thread_blocked, id=32860, stack(0x0000000035560000,0x0000000035660000)]
  0x000000002c520800 JavaThread "jar transforms Thread 783" [_thread_blocked, id=43624, stack(0x0000000035460000,0x0000000035560000)]
  0x000000002c526800 JavaThread "jar transforms Thread 782" [_thread_blocked, id=7608, stack(0x0000000035360000,0x0000000035460000)]
  0x000000002c527800 JavaThread "jar transforms Thread 781" [_thread_blocked, id=33756, stack(0x0000000035260000,0x0000000035360000)]
  0x000000002c521800 JavaThread "jar transforms Thread 780" [_thread_blocked, id=7688, stack(0x0000000035160000,0x0000000035260000)]
  0x000000002c525000 JavaThread "jar transforms Thread 779" [_thread_blocked, id=6620, stack(0x0000000034070000,0x0000000034170000)]
  0x000000002c526000 JavaThread "jar transforms Thread 778" [_thread_blocked, id=36228, stack(0x0000000033d40000,0x0000000033e40000)]
  0x000000002c524800 JavaThread "jar transforms Thread 777" [_thread_blocked, id=41104, stack(0x0000000033c40000,0x0000000033d40000)]
  0x000000002c522000 JavaThread "jar transforms Thread 776" [_thread_blocked, id=7760, stack(0x0000000033b40000,0x0000000033c40000)]
  0x0000000038b4f800 JavaThread "jar transforms Thread 775" [_thread_blocked, id=27580, stack(0x0000000033a40000,0x0000000033b40000)]
  0x0000000038b53800 JavaThread "jar transforms Thread 774" [_thread_blocked, id=25144, stack(0x0000000033940000,0x0000000033a40000)]
  0x0000000038b4d800 JavaThread "jar transforms Thread 773" [_thread_blocked, id=22264, stack(0x0000000033840000,0x0000000033940000)]
  0x0000000038b50800 JavaThread "jar transforms Thread 772" [_thread_blocked, id=26108, stack(0x00000000315a0000,0x00000000316a0000)]
  0x0000000038b53000 JavaThread "jar transforms Thread 771" [_thread_blocked, id=12576, stack(0x00000000314a0000,0x00000000315a0000)]
  0x0000000038b51800 JavaThread "jar transforms Thread 770" [_thread_blocked, id=15884, stack(0x00000000313a0000,0x00000000314a0000)]
  0x0000000038b4f000 JavaThread "jar transforms Thread 769" [_thread_blocked, id=39836, stack(0x00000000312a0000,0x00000000313a0000)]
  0x0000000038b52000 JavaThread "jar transforms Thread 768" [_thread_blocked, id=3028, stack(0x00000000311a0000,0x00000000312a0000)]
  0x0000000038b47800 JavaThread "jar transforms Thread 767" [_thread_blocked, id=12972, stack(0x00000000310a0000,0x00000000311a0000)]
  0x0000000038b4b000 JavaThread "jar transforms Thread 766" [_thread_blocked, id=6756, stack(0x000000002ff90000,0x0000000030090000)]
  0x0000000038b48000 JavaThread "jar transforms Thread 765" [_thread_blocked, id=24852, stack(0x000000002fe90000,0x000000002ff90000)]
  0x0000000038b4a800 JavaThread "jar transforms Thread 764" [_thread_blocked, id=29656, stack(0x000000002fd90000,0x000000002fe90000)]
  0x0000000038b49800 JavaThread "jar transforms Thread 763" [_thread_blocked, id=32784, stack(0x000000002fc90000,0x000000002fd90000)]
  0x0000000038b4c000 JavaThread "jar transforms Thread 762" [_thread_blocked, id=17912, stack(0x000000002fb90000,0x000000002fc90000)]
  0x0000000038b49000 JavaThread "jar transforms Thread 761" [_thread_blocked, id=30704, stack(0x000000002fa90000,0x000000002fb90000)]
  0x0000000038b4c800 JavaThread "jar transforms Thread 760" [_thread_blocked, id=41236, stack(0x000000002f990000,0x000000002fa90000)]
  0x0000000038b4e000 JavaThread "jar transforms Thread 759" [_thread_blocked, id=42476, stack(0x000000002f890000,0x000000002f990000)]
  0x0000000038b40000 JavaThread "jar transforms Thread 758" [_thread_blocked, id=43516, stack(0x000000002eb00000,0x000000002ec00000)]
  0x0000000038b46800 JavaThread "jar transforms Thread 757" [_thread_blocked, id=17576, stack(0x000000002da20000,0x000000002db20000)]
  0x0000000038b3f000 JavaThread "jar transforms Thread 756" [_thread_blocked, id=34696, stack(0x000000002d520000,0x000000002d620000)]
  0x0000000038b46000 JavaThread "jar transforms Thread 755" [_thread_blocked, id=44156, stack(0x000000002bf40000,0x000000002c040000)]
  0x0000000038b3e800 JavaThread "jar transforms Thread 754" [_thread_blocked, id=27600, stack(0x000000002ad10000,0x000000002ae10000)]
  0x0000000038b44800 JavaThread "jar transforms Thread 753" [_thread_blocked, id=44432, stack(0x000000002a9b0000,0x000000002aab0000)]
  0x0000000038b45000 JavaThread "jar transforms Thread 752" [_thread_blocked, id=7444, stack(0x000000002a8b0000,0x000000002a9b0000)]
  0x0000000038b41800 JavaThread "jar transforms Thread 751" [_thread_blocked, id=23768, stack(0x000000002a7b0000,0x000000002a8b0000)]
  0x0000000038b42000 JavaThread "jar transforms Thread 750" [_thread_blocked, id=21564, stack(0x000000002a4a0000,0x000000002a5a0000)]
  0x0000000038b43000 JavaThread "jar transforms Thread 749" [_thread_blocked, id=9912, stack(0x000000002a3a0000,0x000000002a4a0000)]
  0x0000000038b43800 JavaThread "jar transforms Thread 748" [_thread_blocked, id=8044, stack(0x0000000029e00000,0x0000000029f00000)]
  0x0000000038b37000 JavaThread "jar transforms Thread 747" [_thread_blocked, id=40720, stack(0x0000000026410000,0x0000000026510000)]
  0x0000000038b3d800 JavaThread "jar transforms Thread 746" [_thread_blocked, id=20492, stack(0x0000000024320000,0x0000000024420000)]
  0x0000000038b3d000 JavaThread "jar transforms Thread 745" [_thread_blocked, id=36800, stack(0x0000000023a20000,0x0000000023b20000)]
  0x0000000038b3c000 JavaThread "jar transforms Thread 744" [_thread_blocked, id=8628, stack(0x0000000023920000,0x0000000023a20000)]
  0x0000000038b34800 JavaThread "jar transforms Thread 743" [_thread_blocked, id=31396, stack(0x0000000023820000,0x0000000023920000)]
  0x0000000038b36000 JavaThread "jar transforms Thread 742" [_thread_blocked, id=12524, stack(0x0000000023720000,0x0000000023820000)]
  0x0000000038b3a800 JavaThread "jar transforms Thread 741" [_thread_blocked, id=26788, stack(0x0000000023620000,0x0000000023720000)]
  0x0000000038b38800 JavaThread "jar transforms Thread 740" [_thread_blocked, id=35096, stack(0x0000000023320000,0x0000000023420000)]
  0x0000000038b39000 JavaThread "jar transforms Thread 739" [_thread_blocked, id=23868, stack(0x0000000023020000,0x0000000023120000)]
  0x0000000038b35800 JavaThread "jar transforms Thread 738" [_thread_blocked, id=5988, stack(0x0000000022f20000,0x0000000023020000)]
  0x0000000038b3a000 JavaThread "jar transforms Thread 737" [_thread_blocked, id=42484, stack(0x0000000022920000,0x0000000022a20000)]
  0x0000000038b37800 JavaThread "Build operations Thread 8" [_thread_blocked, id=35152, stack(0x0000000022720000,0x0000000022820000)]
  0x0000000038b3b800 JavaThread "Build operations Thread 7" [_thread_blocked, id=19316, stack(0x0000000022620000,0x0000000022720000)]
  0x0000000020063800 JavaThread "Build operations Thread 6" [_thread_blocked, id=35452, stack(0x0000000022520000,0x0000000022620000)]
  0x0000000020062000 JavaThread "Build operations Thread 5" [_thread_blocked, id=13820, stack(0x0000000022420000,0x0000000022520000)]
  0x0000000020063000 JavaThread "Build operations Thread 4" [_thread_blocked, id=40332, stack(0x0000000022320000,0x0000000022420000)]
  0x000000002005f000 JavaThread "Build operations Thread 3" [_thread_blocked, id=26436, stack(0x0000000022220000,0x0000000022320000)]
  0x0000000020061800 JavaThread "Build operations Thread 2" [_thread_blocked, id=27696, stack(0x0000000022120000,0x0000000022220000)]
  0x0000000020060800 JavaThread "Build operations" [_thread_blocked, id=44800, stack(0x0000000022020000,0x0000000022120000)]
  0x000000002005f800 JavaThread "Cache worker for cache directory md-rule (C:\Users\aparn\.gradle\caches\6.5\md-rule)" [_thread_blocked, id=22148, stack(0x0000000020cc0000,0x0000000020dc0000)]
  0x000000002005e000 JavaThread "Cache worker for cache directory md-supplier (C:\Users\aparn\.gradle\caches\6.5\md-supplier)" [_thread_blocked, id=21672, stack(0x0000000020bc0000,0x0000000020cc0000)]
  0x0000000020056800 JavaThread "Cache worker for checksums cache (C:\Users\aparn\LifeFirst_App\.gradle\checksums)" [_thread_blocked, id=18996, stack(0x000000001f8d0000,0x000000001f9d0000)]
  0x000000002005d800 JavaThread "Cache worker for file hash cache (C:\Users\aparn\LifeFirst_App\.gradle\6.5\fileHashes)" [_thread_blocked, id=9664, stack(0x000000001e100000,0x000000001e200000)]
  0x000000002005c000 JavaThread "Thread-1168" [_thread_blocked, id=27048, stack(0x000000001e000000,0x000000001e100000)]
  0x000000002005a800 JavaThread "Stdin handler" [_thread_blocked, id=45040, stack(0x000000001df00000,0x000000001e000000)]
  0x0000000020059800 JavaThread "Asynchronous log dispatcher for DefaultDaemonConnection: socket connection from /127.0.0.1:63290 to /127.0.0.1:60479" [_thread_blocked, id=20840, stack(0x000000001de00000,0x000000001df00000)]
  0x0000000020059000 JavaThread "Daemon worker Thread 7" [_thread_blocked, id=39044, stack(0x000000001d900000,0x000000001da00000)]
  0x0000000020056000 JavaThread "Cancel handler" [_thread_blocked, id=24276, stack(0x000000001d4c0000,0x000000001d5c0000)]
  0x0000000020058000 JavaThread "Handler for socket connection from /127.0.0.1:63290 to /127.0.0.1:60479" [_thread_in_native, id=28812, stack(0x000000001d3c0000,0x000000001d4c0000)]
  0x0000000020055000 JavaThread "Daemon Thread 7" [_thread_blocked, id=15880, stack(0x0000000000c10000,0x0000000000d10000)]
  0x00000000202a3000 JavaThread "Cache worker for Java compile cache (C:\Users\aparn\.gradle\caches\6.5\javaCompile)" [_thread_blocked, id=30944, stack(0x0000000022820000,0x0000000022920000)]
  0x0000000020054800 JavaThread "Memory manager" [_thread_blocked, id=29456, stack(0x000000002bc10000,0x000000002bd10000)]
  0x000000002029f000 JavaThread "Cache worker for file content cache (C:\Users\aparn\.gradle\caches\6.5\fileContent)" [_thread_blocked, id=35084, stack(0x0000000024220000,0x0000000024320000)]
  0x000000002029a800 JavaThread "Cache worker for execution history cache (C:\Users\aparn\.gradle\caches\6.5\executionHistory)" [_thread_blocked, id=34268, stack(0x0000000023d20000,0x0000000023e20000)]
  0x000000001c311000 JavaThread "Cache worker for file hash cache (C:\Users\aparn\.gradle\caches\6.5\fileHashes)" [_thread_blocked, id=22392, stack(0x000000001e600000,0x000000001e700000)]
  0x000000001c310000 JavaThread "File lock request listener" [_thread_in_native, id=15700, stack(0x000000001e500000,0x000000001e600000)]
  0x000000001c1ce000 JavaThread "Cache worker for journal cache (C:\Users\aparn\.gradle\caches\journal-1)" [_thread_blocked, id=17552, stack(0x000000001e400000,0x000000001e500000)]
  0x000000001c0e6800 JavaThread "Daemon periodic checks" [_thread_blocked, id=38832, stack(0x000000001d800000,0x000000001d900000)]
  0x000000001c07a800 JavaThread "Incoming local TCP Connector on port 63290" [_thread_in_native, id=1676, stack(0x000000001d5c0000,0x000000001d6c0000)]
  0x000000001a65c000 JavaThread "Daemon health stats" [_thread_blocked, id=28848, stack(0x000000001cf80000,0x000000001d080000)]
  0x000000001979f000 JavaThread "Service Thread" daemon [_thread_blocked, id=40464, stack(0x000000001a3e0000,0x000000001a4e0000)]
  0x000000001972a000 JavaThread "C1 CompilerThread3" daemon [_thread_blocked, id=21812, stack(0x000000001a2e0000,0x000000001a3e0000)]
  0x000000001971a000 JavaThread "C2 CompilerThread2" daemon [_thread_blocked, id=38024, stack(0x000000001a1e0000,0x000000001a2e0000)]
  0x0000000019718800 JavaThread "C2 CompilerThread1" daemon [_thread_blocked, id=43180, stack(0x000000001a0e0000,0x000000001a1e0000)]
  0x0000000019714800 JavaThread "C2 CompilerThread0" daemon [_thread_blocked, id=31152, stack(0x0000000019fe0000,0x000000001a0e0000)]
  0x000000001970f000 JavaThread "Attach Listener" daemon [_thread_blocked, id=15344, stack(0x0000000019ee0000,0x0000000019fe0000)]
  0x000000001970e000 JavaThread "Signal Dispatcher" daemon [_thread_blocked, id=35016, stack(0x0000000019de0000,0x0000000019ee0000)]
  0x0000000002889000 JavaThread "Finalizer" daemon [_thread_blocked, id=41968, stack(0x0000000019be0000,0x0000000019ce0000)]
  0x00000000178fc000 JavaThread "Reference Handler" daemon [_thread_blocked, id=32480, stack(0x0000000019ae0000,0x0000000019be0000)]
  0x00000000025fe800 JavaThread "main" [_thread_blocked, id=8504, stack(0x0000000002690000,0x0000000002790000)]

Other Threads:
  0x00000000178f8000 VMThread [stack: 0x00000000195e0000,0x00000000196e0000] [id=22700]
  0x00000000197a0000 WatcherThread [stack: 0x000000001a4e0000,0x000000001a5e0000] [id=13880]

=>0x00000000027b3800 (exited) GCTaskThread [stack: 0x0000000012910000,0x0000000012a10000] [id=43068]

VM state:at safepoint (normal execution)

VM Mutex/Monitor currently owned by a thread:  ([mutex/lock_event])
[0x00000000025fd3c0] Threads_lock - owner thread: 0x00000000178f8000
[0x00000000025fcbc0] Heap_lock - owner thread: 0x000000001c1ce000

heap address: 0x0000000080000000, size: 2048 MB, Compressed Oops mode: 32-bit
Narrow klass base: 0x0000000000000000, Narrow klass shift: 3
Compressed class space size: 1073741824 Address: 0x0000000100000000

Heap:
 PSYoungGen      total 615424K, used 601272K [0x00000000d5580000, 0x0000000100000000, 0x0000000100000000)
  eden space 540672K, 100% used [0x00000000d5580000,0x00000000f6580000,0x00000000f6580000)
  from space 74752K, 81% used [0x00000000f6580000,0x00000000fa0ae3e8,0x00000000fae80000)
  to   space 82944K, 9% used [0x00000000faf00000,0x00000000fb6cc158,0x0000000100000000)
 ParOldGen       total 305152K, used 195262K [0x0000000080000000, 0x0000000092a00000, 0x00000000d5580000)
  object space 305152K, 63% used [0x0000000080000000,0x000000008beafa18,0x0000000092a00000)
 Metaspace       used 122743K, capacity 130926K, committed 131032K, reserved 1163264K
  class space    used 15612K, capacity 17124K, committed 17152K, reserved 1048576K

Card table byte_map: [0x0000000011c50000,0x0000000012060000] byte_map_base: 0x0000000011850000

Marking Bits: (ParMarkBitMap*) 0x0000000065e0f030
 Begin Bits: [0x0000000012b10000, 0x0000000014b10000)
 End Bits:   [0x0000000014b10000, 0x0000000016b10000)

Polling page: 0x00000000025c0000

CodeCache: size=245760Kb used=93423Kb max_used=93543Kb free=152336Kb
 bounds [0x0000000002890000, 0x00000000084e0000, 0x0000000011890000]
 total_blobs=25541 nmethods=24577 adapters=869
 compilation: enabled

Compilation events (10 events):
Event: 4060.000 Thread 0x0000000019718800 34809       4       com.google.common.cache.LocalCache$LocalManualCache$1::load (10 bytes)
Event: 4060.002 Thread 0x0000000019718800 nmethod 34809 0x00000000049e3910 code [0x00000000049e3a40, 0x00000000049e3ab8]
Event: 4060.156 Thread 0x000000001971a000 34810       4       org.gradle.internal.operations.CurrentBuildOperationRef::get (11 bytes)
Event: 4060.156 Thread 0x000000001972a000 34811       3       java.util.stream.Collectors::toCollection (22 bytes)
Event: 4060.158 Thread 0x000000001972a000 nmethod 34811 0x0000000003ed1f90 code [0x0000000003ed2160, 0x0000000003ed28e8]
Event: 4060.161 Thread 0x000000001972a000 34812       3       org.gradle.internal.build.event.types.AbstractResult::<init> (21 bytes)
Event: 4060.162 Thread 0x000000001972a000 nmethod 34812 0x0000000004e707d0 code [0x0000000004e70920, 0x0000000004e70af0]
Event: 4060.164 Thread 0x000000001972a000 34813       3       java.util.TreeSet::spliterator (8 bytes)
Event: 4060.164 Thread 0x000000001972a000 nmethod 34813 0x0000000002f9c310 code [0x0000000002f9c480, 0x0000000002f9c608]
Event: 4060.174 Thread 0x000000001971a000 nmethod 34810 0x0000000003a14dd0 code [0x0000000003a14f80, 0x0000000003a15808]

GC Heap History (10 events):
Event: 2193.772 GC heap after
Heap after GC invocations=55 (full 6):
 PSYoungGen      total 607232K, used 23343K [0x00000000d5580000, 0x0000000100000000, 0x0000000100000000)
  eden space 515584K, 0% used [0x00000000d5580000,0x00000000d5580000,0x00000000f4d00000)
  from space 91648K, 25% used [0x00000000f4d00000,0x00000000f63cbca0,0x00000000fa680000)
  to   space 86016K, 0% used [0x00000000fac00000,0x00000000fac00000,0x0000000100000000)
 ParOldGen       total 305152K, used 182175K [0x0000000080000000, 0x0000000092a00000, 0x00000000d5580000)
  object space 305152K, 59% used [0x0000000080000000,0x000000008b1e7ee0,0x0000000092a00000)
 Metaspace       used 117268K, capacity 123460K, committed 125144K, reserved 1157120K
  class space    used 14965K, capacity 16182K, committed 16640K, reserved 1048576K
}
Event: 3127.250 GC heap before
{Heap before GC invocations=56 (full 6):
 PSYoungGen      total 607232K, used 538927K [0x00000000d5580000, 0x0000000100000000, 0x0000000100000000)
  eden space 515584K, 100% used [0x00000000d5580000,0x00000000f4d00000,0x00000000f4d00000)
  from space 91648K, 25% used [0x00000000f4d00000,0x00000000f63cbca0,0x00000000fa680000)
  to   space 86016K, 0% used [0x00000000fac00000,0x00000000fac00000,0x0000000100000000)
 ParOldGen       total 305152K, used 182175K [0x0000000080000000, 0x0000000092a00000, 0x00000000d5580000)
  object space 305152K, 59% used [0x0000000080000000,0x000000008b1e7ee0,0x0000000092a00000)
 Metaspace       used 120769K, capacity 127952K, committed 128600K, reserved 1161216K
  class space    used 15400K, capacity 16801K, committed 17024K, reserved 1048576K
Event: 3127.349 GC heap after
Heap after GC invocations=56 (full 6):
 PSYoungGen      total 591360K, used 29812K [0x00000000d5580000, 0x00000000ff080000, 0x0000000100000000)
  eden space 521216K, 0% used [0x00000000d5580000,0x00000000d5580000,0x00000000f5280000)
  from space 70144K, 42% used [0x00000000fac00000,0x00000000fc91d0c8,0x00000000ff080000)
  to   space 80896K, 0% used [0x00000000f5280000,0x00000000f5280000,0x00000000fa180000)
 ParOldGen       total 305152K, used 183879K [0x0000000080000000, 0x0000000092a00000, 0x00000000d5580000)
  object space 305152K, 60% used [0x0000000080000000,0x000000008b391d08,0x0000000092a00000)
 Metaspace       used 120769K, capacity 127952K, committed 128600K, reserved 1161216K
  class space    used 15400K, capacity 16801K, committed 17024K, reserved 1048576K
}
Event: 3387.312 GC heap before
{Heap before GC invocations=57 (full 6):
 PSYoungGen      total 591360K, used 551028K [0x00000000d5580000, 0x00000000ff080000, 0x0000000100000000)
  eden space 521216K, 100% used [0x00000000d5580000,0x00000000f5280000,0x00000000f5280000)
  from space 70144K, 42% used [0x00000000fac00000,0x00000000fc91d0c8,0x00000000ff080000)
  to   space 80896K, 0% used [0x00000000f5280000,0x00000000f5280000,0x00000000fa180000)
 ParOldGen       total 305152K, used 183879K [0x0000000080000000, 0x0000000092a00000, 0x00000000d5580000)
  object space 305152K, 60% used [0x0000000080000000,0x000000008b391d08,0x0000000092a00000)
 Metaspace       used 121981K, capacity 130030K, committed 130264K, reserved 1163264K
  class space    used 15558K, capacity 17064K, committed 17152K, reserved 1048576K
Event: 3387.396 GC heap after
Heap after GC invocations=57 (full 6):
 PSYoungGen      total 602112K, used 18064K [0x00000000d5580000, 0x0000000100000000, 0x0000000100000000)
  eden space 521216K, 0% used [0x00000000d5580000,0x00000000d5580000,0x00000000f5280000)
  from space 80896K, 22% used [0x00000000f5280000,0x00000000f6424158,0x00000000fa180000)
  to   space 77312K, 0% used [0x00000000fb480000,0x00000000fb480000,0x0000000100000000)
 ParOldGen       total 305152K, used 195238K [0x0000000080000000, 0x0000000092a00000, 0x00000000d5580000)
  object space 305152K, 63% used [0x0000000080000000,0x000000008bea9a18,0x0000000092a00000)
 Metaspace       used 121981K, capacity 130030K, committed 130264K, reserved 1163264K
  class space    used 15558K, capacity 17064K, committed 17152K, reserved 1048576K
}
Event: 3423.137 GC heap before
{Heap before GC invocations=58 (full 6):
 PSYoungGen      total 602112K, used 539280K [0x00000000d5580000, 0x0000000100000000, 0x0000000100000000)
  eden space 521216K, 100% used [0x00000000d5580000,0x00000000f5280000,0x00000000f5280000)
  from space 80896K, 22% used [0x00000000f5280000,0x00000000f6424158,0x00000000fa180000)
  to   space 77312K, 0% used [0x00000000fb480000,0x00000000fb480000,0x0000000100000000)
 ParOldGen       total 305152K, used 195238K [0x0000000080000000, 0x0000000092a00000, 0x00000000d5580000)
  object space 305152K, 63% used [0x0000000080000000,0x000000008bea9a18,0x0000000092a00000)
 Metaspace       used 122303K, capacity 130496K, committed 130776K, reserved 1163264K
  class space    used 15584K, capacity 17097K, committed 17152K, reserved 1048576K
Event: 3423.189 GC heap after
Heap after GC invocations=58 (full 6):
 PSYoungGen      total 609280K, used 12800K [0x00000000d5580000, 0x00000000ff780000, 0x0000000100000000)
  eden space 540672K, 0% used [0x00000000d5580000,0x00000000d5580000,0x00000000f6580000)
  from space 68608K, 18% used [0x00000000fb480000,0x00000000fc1000c0,0x00000000ff780000)
  to   space 74752K, 0% used [0x00000000f6580000,0x00000000f6580000,0x00000000fae80000)
 ParOldGen       total 305152K, used 195246K [0x0000000080000000, 0x0000000092a00000, 0x00000000d5580000)
  object space 305152K, 63% used [0x0000000080000000,0x000000008beaba18,0x0000000092a00000)
 Metaspace       used 122303K, capacity 130496K, committed 130776K, reserved 1163264K
  class space    used 15584K, capacity 17097K, committed 17152K, reserved 1048576K
}
Event: 3430.992 GC heap before
{Heap before GC invocations=59 (full 6):
 PSYoungGen      total 609280K, used 553472K [0x00000000d5580000, 0x00000000ff780000, 0x0000000100000000)
  eden space 540672K, 100% used [0x00000000d5580000,0x00000000f6580000,0x00000000f6580000)
  from space 68608K, 18% used [0x00000000fb480000,0x00000000fc1000c0,0x00000000ff780000)
  to   space 74752K, 0% used [0x00000000f6580000,0x00000000f6580000,0x00000000fae80000)
 ParOldGen       total 305152K, used 195246K [0x0000000080000000, 0x0000000092a00000, 0x00000000d5580000)
  object space 305152K, 63% used [0x0000000080000000,0x000000008beaba18,0x0000000092a00000)
 Metaspace       used 122549K, capacity 130670K, committed 130776K, reserved 1163264K
  class space    used 15599K, capacity 17104K, committed 17152K, reserved 1048576K
Event: 3431.116 GC heap after
Heap after GC invocations=59 (full 6):
 PSYoungGen      total 615424K, used 60600K [0x00000000d5580000, 0x0000000100000000, 0x0000000100000000)
  eden space 540672K, 0% used [0x00000000d5580000,0x00000000d5580000,0x00000000f6580000)
  from space 74752K, 81% used [0x00000000f6580000,0x00000000fa0ae3e8,0x00000000fae80000)
  to   space 82944K, 0% used [0x00000000faf00000,0x00000000faf00000,0x0000000100000000)
 ParOldGen       total 305152K, used 195254K [0x0000000080000000, 0x0000000092a00000, 0x00000000d5580000)
  object space 305152K, 63% used [0x0000000080000000,0x000000008beada18,0x0000000092a00000)
 Metaspace       used 122549K, capacity 130670K, committed 130776K, reserved 1163264K
  class space    used 15599K, capacity 17104K, committed 17152K, reserved 1048576K
}
Event: 4060.351 GC heap before
{Heap before GC invocations=60 (full 6):
 PSYoungGen      total 615424K, used 601272K [0x00000000d5580000, 0x0000000100000000, 0x0000000100000000)
  eden space 540672K, 100% used [0x00000000d5580000,0x00000000f6580000,0x00000000f6580000)
  from space 74752K, 81% used [0x00000000f6580000,0x00000000fa0ae3e8,0x00000000fae80000)
  to   space 82944K, 0% used [0x00000000faf00000,0x00000000faf00000,0x0000000100000000)
 ParOldGen       total 305152K, used 195254K [0x0000000080000000, 0x0000000092a00000, 0x00000000d5580000)
  object space 305152K, 63% used [0x0000000080000000,0x000000008beada18,0x0000000092a00000)
 Metaspace       used 122743K, capacity 130926K, committed 131032K, reserved 1163264K
  class space    used 15612K, capacity 17124K, committed 17152K, reserved 1048576K

Deoptimization events (10 events):
Event: 3432.210 Thread 0x00000000202a7800 Uncommon trap: reason=unstable_if action=reinterpret pc=0x0000000005006bac method=org.gradle.internal.fingerprint.impl.DefaultFileSystemLocationFingerprint.compareTo(Lorg/gradle/internal/fingerprint/FileSystemLocationFingerprint;)I @ 15
Event: 3432.451 Thread 0x00000000304ce000 Uncommon trap: reason=unstable_if action=reinterpret pc=0x00000000049e2a68 method=java.util.concurrent.ForkJoinPool.externalPush(Ljava/util/concurrent/ForkJoinTask;)V @ 47
Event: 3432.663 Thread 0x0000000038b3a800 Uncommon trap: reason=speculate_class_check action=maybe_recompile pc=0x0000000004fd3f64 method=java.util.concurrent.ForkJoinTask.doExec()I @ 10
Event: 3432.663 Thread 0x0000000038b3f000 Uncommon trap: reason=speculate_class_check action=maybe_recompile pc=0x0000000004fd3f64 method=java.util.concurrent.ForkJoinTask.doExec()I @ 10
Event: 3432.663 Thread 0x0000000038b3b800 Uncommon trap: reason=speculate_class_check action=maybe_recompile pc=0x0000000004fd3f64 method=java.util.concurrent.ForkJoinTask.doExec()I @ 10
Event: 3432.664 Thread 0x0000000038b46800 Uncommon trap: reason=speculate_class_check action=maybe_recompile pc=0x0000000004fd3f64 method=java.util.concurrent.ForkJoinTask.doExec()I @ 10
Event: 3481.399 Thread 0x0000000020059000 Uncommon trap: reason=class_check action=maybe_recompile pc=0x0000000006365198 method=org.gradle.internal.snapshot.AbstractCompleteFileSystemLocationSnapshot.getSnapshot(Lorg/gradle/internal/snapshot/VfsRelativePath;Lorg/gradle/internal/snapshot/CaseSensi
Event: 3481.604 Thread 0x0000000038b3d800 Uncommon trap: reason=unstable_if action=reinterpret pc=0x0000000004e88044 method=com.google.common.collect.MapMakerInternalMap$Segment.getEntry(Ljava/lang/Object;I)Lcom/google/common/collect/MapMakerInternalMap$InternalEntry; @ 63
Event: 3481.611 Thread 0x0000000038b3d800 Uncommon trap: reason=unstable_if action=reinterpret pc=0x000000000574a240 method=com.google.common.cache.LocalCache$Segment.getEntry(Ljava/lang/Object;I)Lcom/google/common/cache/ReferenceEntry; @ 56
Event: 3481.611 Thread 0x0000000038b3d800 Uncommon trap: reason=unstable_if action=reinterpret pc=0x000000000572fe68 method=com.google.common.cache.LocalCache$Segment.lockedGetOrLoad(Ljava/lang/Object;ILcom/google/common/cache/CacheLoader;)Ljava/lang/Object; @ 115

Classes redefined (0 events):
No events

Internal exceptions (10 events):
Event: 3481.777 Thread 0x0000000020059000 Exception <a 'sun/nio/fs/WindowsException'> (0x00000000ef98b4b0) thrown at [C:\src\AOSP-openjdk-git\hotspot\src\share\vm\prims\jni.cpp, line 710]
Event: 3481.777 Thread 0x0000000020059000 Exception <a 'sun/nio/fs/WindowsException'> (0x00000000ef98c168) thrown at [C:\src\AOSP-openjdk-git\hotspot\src\share\vm\prims\jni.cpp, line 710]
Event: 3481.777 Thread 0x0000000020059000 Exception <a 'sun/nio/fs/WindowsException'> (0x00000000ef98fdd8) thrown at [C:\src\AOSP-openjdk-git\hotspot\src\share\vm\prims\jni.cpp, line 710]
Event: 3481.777 Thread 0x0000000020059000 Exception <a 'sun/nio/fs/WindowsException'> (0x00000000ef990ad8) thrown at [C:\src\AOSP-openjdk-git\hotspot\src\share\vm\prims\jni.cpp, line 710]
Event: 3481.778 Thread 0x0000000020059000 Exception <a 'sun/nio/fs/WindowsException'> (0x00000000ef992978) thrown at [C:\src\AOSP-openjdk-git\hotspot\src\share\vm\prims\jni.cpp, line 710]
Event: 3481.778 Thread 0x0000000020059000 Exception <a 'sun/nio/fs/WindowsException'> (0x00000000ef993688) thrown at [C:\src\AOSP-openjdk-git\hotspot\src\share\vm\prims\jni.cpp, line 710]
Event: 3481.854 Thread 0x0000000020059000 Exception <a 'sun/nio/fs/WindowsException'> (0x00000000f065a380) thrown at [C:\src\AOSP-openjdk-git\hotspot\src\share\vm\prims\jni.cpp, line 710]
Event: 3481.855 Thread 0x0000000020059000 Exception <a 'sun/nio/fs/WindowsException'> (0x00000000f065b068) thrown at [C:\src\AOSP-openjdk-git\hotspot\src\share\vm\prims\jni.cpp, line 710]
Event: 4053.432 Thread 0x0000000020059000 Exception <a 'sun/nio/fs/WindowsException'> (0x00000000f41ecef0) thrown at [C:\src\AOSP-openjdk-git\hotspot\src\share\vm\prims\jni.cpp, line 710]
Event: 4053.516 Thread 0x0000000020059000 Exception <a 'sun/nio/fs/WindowsException'> (0x00000000f462f5a0) thrown at [C:\src\AOSP-openjdk-git\hotspot\src\share\vm\prims\jni.cpp, line 710]

Events (10 events):
Event: 4060.164 Thread 0x000000001972a000 flushing nmethod 0x0000000005b838d0
Event: 4060.165 Thread 0x000000001972a000 flushing nmethod 0x0000000005b991d0
Event: 4060.165 Thread 0x000000001972a000 flushing nmethod 0x0000000005db4410
Event: 4060.174 Thread 0x000000001971a000 flushing nmethod 0x0000000006028650
Event: 4060.175 Thread 0x000000001971a000 flushing nmethod 0x000000000608a750
Event: 4060.175 Thread 0x000000001971a000 flushing nmethod 0x000000000614b950
Event: 4060.176 Thread 0x000000001971a000 flushing nmethod 0x00000000063d6d10
Event: 4060.177 Thread 0x000000001971a000 flushing nmethod 0x00000000066216d0
Event: 4060.177 Thread 0x000000001971a000 flushing nmethod 0x0000000006624ad0
Event: 4060.350 Executing VM operation: ParallelGCFailedAllocation


Dynamic libraries:
0x00007ff79a570000 - 0x00007ff79a5a1000 	C:\Program Files\Android\Android Studio1\jre\bin\java.exe
0x00007fffcc3d0000 - 0x00007fffcc5c5000 	C:\WINDOWS\SYSTEM32\ntdll.dll
0x00007fffca560000 - 0x00007fffca61e000 	C:\WINDOWS\System32\KERNEL32.DLL
0x00007fffc9c20000 - 0x00007fffc9ee9000 	C:\WINDOWS\System32\KERNELBASE.dll
0x00007fffcb780000 - 0x00007fffcb82c000 	C:\WINDOWS\System32\ADVAPI32.dll
0x00007fffca630000 - 0x00007fffca6ce000 	C:\WINDOWS\System32\msvcrt.dll
0x00007fffcc2f0000 - 0x00007fffcc38b000 	C:\WINDOWS\System32\sechost.dll
0x00007fffcb650000 - 0x00007fffcb77a000 	C:\WINDOWS\System32\RPCRT4.dll
0x00007fffcab60000 - 0x00007fffcad01000 	C:\WINDOWS\System32\USER32.dll
0x00007fffca1d0000 - 0x00007fffca1f2000 	C:\WINDOWS\System32\win32u.dll
0x00007fffcc240000 - 0x00007fffcc26b000 	C:\WINDOWS\System32\GDI32.dll
0x00007fffca200000 - 0x00007fffca30b000 	C:\WINDOWS\System32\gdi32full.dll
0x00007fffca130000 - 0x00007fffca1cd000 	C:\WINDOWS\System32\msvcp_win.dll
0x00007fffc9b20000 - 0x00007fffc9c20000 	C:\WINDOWS\System32\ucrtbase.dll
0x00007fffa97c0000 - 0x00007fffa9a5a000 	C:\WINDOWS\WinSxS\amd64_microsoft.windows.common-controls_6595b64144ccf1df_6.0.19041.1110_none_60b5254171f9507e\COMCTL32.dll
0x00007fffca850000 - 0x00007fffca880000 	C:\WINDOWS\System32\IMM32.DLL
0x00000000660e0000 - 0x00000000661b2000 	C:\Program Files\Android\Android Studio1\jre\jre\bin\msvcr100.dll
0x0000000065640000 - 0x0000000065e8b000 	C:\Program Files\Android\Android Studio1\jre\jre\bin\server\jvm.dll
0x00007fffca550000 - 0x00007fffca558000 	C:\WINDOWS\System32\PSAPI.DLL
0x00007fffc6150000 - 0x00007fffc615a000 	C:\WINDOWS\SYSTEM32\VERSION.dll
0x00007fffbd480000 - 0x00007fffbd489000 	C:\WINDOWS\SYSTEM32\WSOCK32.dll
0x00007fffbba00000 - 0x00007fffbba27000 	C:\WINDOWS\SYSTEM32\WINMM.dll
0x00007fffcb5e0000 - 0x00007fffcb64b000 	C:\WINDOWS\System32\WS2_32.dll
0x00007fffc6e20000 - 0x00007fffc6e2f000 	C:\Program Files\Android\Android Studio1\jre\jre\bin\verify.dll
0x00007fffb4d00000 - 0x00007fffb4d29000 	C:\Program Files\Android\Android Studio1\jre\jre\bin\java.dll
0x00007fffafc90000 - 0x00007fffafca6000 	C:\Program Files\Android\Android Studio1\jre\jre\bin\zip.dll
0x00007fffcb910000 - 0x00007fffcc04f000 	C:\WINDOWS\System32\SHELL32.dll
0x00007fffc7750000 - 0x00007fffc7ee0000 	C:\WINDOWS\SYSTEM32\windows.storage.dll
0x00007fffcad10000 - 0x00007fffcb065000 	C:\WINDOWS\System32\combase.dll
0x00007fffc9470000 - 0x00007fffc949c000 	C:\WINDOWS\SYSTEM32\Wldp.dll
0x00007fffcc050000 - 0x00007fffcc0fe000 	C:\WINDOWS\System32\SHCORE.dll
0x00007fffcb0d0000 - 0x00007fffcb125000 	C:\WINDOWS\System32\shlwapi.dll
0x00007fffc9a30000 - 0x00007fffc9a4f000 	C:\WINDOWS\SYSTEM32\profapi.dll
0x00007fffa7d60000 - 0x00007fffa7d7a000 	C:\Program Files\Android\Android Studio1\jre\jre\bin\net.dll
0x00007fffc91d0000 - 0x00007fffc923a000 	C:\WINDOWS\system32\mswsock.dll
0x00007fffa6d00000 - 0x00007fffa6d13000 	C:\Program Files\Android\Android Studio1\jre\jre\bin\nio.dll
0x00007fffafc10000 - 0x00007fffafc37000 	C:\Users\aparn\.gradle\native\f6784746aeab05261644944871eae4fe03e0ef1612fff0a4a95f87b438bc6780\windows-amd64\native-platform.dll
0x00007fffc4b80000 - 0x00007fffc4b8d000 	C:\Program Files\Android\Android Studio1\jre\jre\bin\management.dll
0x00007fffc93c0000 - 0x00007fffc93d8000 	C:\WINDOWS\SYSTEM32\CRYPTSP.dll
0x00007fffc8b50000 - 0x00007fffc8b84000 	C:\WINDOWS\system32\rsaenh.dll
0x00007fffc9af0000 - 0x00007fffc9b17000 	C:\WINDOWS\System32\bcrypt.dll
0x00007fffc99f0000 - 0x00007fffc9a1e000 	C:\WINDOWS\SYSTEM32\USERENV.dll
0x00007fffca0a0000 - 0x00007fffca123000 	C:\WINDOWS\System32\bcryptprimitives.dll
0x00007fffc93e0000 - 0x00007fffc93ec000 	C:\WINDOWS\SYSTEM32\CRYPTBASE.dll
0x00007fffc8ec0000 - 0x00007fffc8efb000 	C:\WINDOWS\SYSTEM32\IPHLPAPI.DLL
0x00007fffca620000 - 0x00007fffca628000 	C:\WINDOWS\System32\NSI.dll
0x00007fffc82d0000 - 0x00007fffc82e7000 	C:\WINDOWS\SYSTEM32\dhcpcsvc6.DLL
0x00007fffc82b0000 - 0x00007fffc82cd000 	C:\WINDOWS\SYSTEM32\dhcpcsvc.DLL
0x00007fffc8f10000 - 0x00007fffc8fdc000 	C:\WINDOWS\SYSTEM32\DNSAPI.dll
0x00007fffc4630000 - 0x00007fffc463b000 	C:\WINDOWS\SYSTEM32\WINNSI.DLL
0x00007fff93450000 - 0x00007fff93474000 	C:\Program Files\Android\Android Studio1\jre\jre\bin\sunec.dll
0x00007fffbfc60000 - 0x00007fffbfc6a000 	C:\Windows\System32\rasadhlp.dll
0x00007fffc0290000 - 0x00007fffc030f000 	C:\WINDOWS\System32\fwpuclnt.dll
0x00007fffb0210000 - 0x00007fffb021b000 	C:\Program Files\Android\Android Studio1\jre\jre\bin\sunmscapi.dll
0x00007fffc9f40000 - 0x00007fffca096000 	C:\WINDOWS\System32\CRYPT32.dll
0x00007fffc8790000 - 0x00007fffc87c3000 	C:\WINDOWS\SYSTEM32\ntmarta.dll
0x00007fffc84b0000 - 0x00007fffc8694000 	C:\WINDOWS\SYSTEM32\dbghelp.dll

VM Arguments:
jvm_args: -Xmx2048m -Dfile.encoding=UTF-8 -Duser.country=IN -Duser.language=en -Duser.variant 
java_command: org.gradle.launcher.daemon.bootstrap.GradleDaemon 6.5
java_class_path (initial): C:\Users\aparn\.gradle\wrapper\dists\gradle-6.5-bin\6nifqtx7604sqp1q6g8wikw7p\gradle-6.5\lib\gradle-launcher-6.5.jar
Launcher Type: SUN_STANDARD

Environment Variables:
PATH=C:\WINDOWS\system32;C:\WINDOWS;C:\WINDOWS\System32\Wbem;C:\WINDOWS\System32\WindowsPowerShell\v1.0\;C:\WINDOWS\System32\OpenSSH\;C:\Program Files\Java\jdk-12.0.1\bin;C:\Program Files\Git\cmd;C:\Program Files\Git\usr\bin;C:\Program Files\Git\mingw64\bin;C:\MinGW\bin;C:\Program Files\MATLAB\R2015a\runtime\win64;C:\Program Files\MATLAB\R2015a\bin;C:\Program Files\MATLAB\R2015a\polyspace\bin;C:\Program Files\nodejs\;C:\Users\aparn\AppData\Local\Programs\Python\Python38\Scripts\;C:\Users\aparn\AppData\Local\Programs\Python\Python38\;C:\Users\aparn\AppData\Local\Programs\Python\Python38-32\Scripts\;C:\Users\aparn\AppData\Local\Programs\Python\Python38-32\;"C:\Users\aparn\AppData\Local\Microsoft\WindowsApps;C:\Program Files\Java\jdk-12.0.1\bin;";C:\Users\aparn\AppData\Local\atom\bin;C:\Users\aparn\AppData\Local\GitHubDesktop\bin;C:\Users\aparn\AppData\Local\Programs\Microsoft VS Code\bin;C:\Users\aparn\AppData\Local\Microsoft\WindowsApps;C:\Program Files\mingw-w64\x86_64-8.1.0-posix-seh-rt_v6-rev0\mingw64\bin;C:\Program Files\heroku\bin;C:\Users\aparn\AppData\Roaming\npm
USERNAME=aparn
OS=Windows_NT
PROCESSOR_IDENTIFIER=Intel64 Family 6 Model 142 Stepping 10, GenuineIntel



---------------  S Y S T E M  ---------------

OS: Windows 10.0 , 64 bit Build 19041 (10.0.19041.1202)

CPU:total 8 (initial active 8) (4 cores per cpu, 2 threads per core) family 6 model 142 stepping 10, cmov, cx8, fxsr, mmx, sse, sse2, sse3, ssse3, sse4.1, sse4.2, popcnt, avx, avx2, aes, clmul, erms, 3dnowpref, lzcnt, ht, tsc, tscinvbit, bmi1, bmi2, adx

Memory: 4k page, physical 8297484k(521740k free), swap 19724236k(3030508k free)

vm_info: OpenJDK 64-Bit Server VM (25.242-b01) for windows-amd64 JRE (1.8.0_242-release-1644-b01), built by "builder" with MS VC++ 10.0 (VS2010)

time: Sun Oct 03 19:17:41 2021
timezone: India Standard Time
elapsed time: 4061 seconds (0d 1h 7m 41s)

